<?xml version="1.0" encoding="UTF-8"?>
<!-- Generated by org.testng.reporters.JUnitXMLReporter -->
<testsuite ignored="0" hostname="TABLET-REDS9MBG" failures="1" tests="1" name="Surefire test" time="7.162" errors="0" timestamp="2025-07-16T20:37:07 IST">
  <testcase classname="ecom.Tests.LoginTest" name="testLogin" time="0.0">
    <failure type="org.testng.TestNGException" message="
Cannot inject @Test annotated Method [testLogin] with [class java.lang.String, class java.lang.String, boolean].
For more information on native dependency injection please refer to https://testng.org/#_dependency_injection">
      <![CDATA[org.testng.TestNGException: 
Cannot inject @Test annotated Method [testLogin] with [class java.lang.String, class java.lang.String, boolean].
For more information on native dependency injection please refer to https://testng.org/#_dependency_injection
at java.base/java.util.ArrayList.forEach(ArrayList.java:1511)
... Removed 31 stack frames]]>
    </failure>
  </testcase> <!-- testLogin -->
</testsuite> <!-- Surefire test -->
