<?xml version="1.0" encoding="UTF-8"?>
<testng-results ignored="0" total="1" passed="1" failed="0" skipped="0">
  <reporter-output>
  </reporter-output>
  <suite started-at="2025-07-10T23:04:24 IST" name="Surefire suite" finished-at="2025-07-10T23:05:12 IST" duration-ms="47458">
    <groups>
    </groups>
    <test started-at="2025-07-10T23:04:24 IST" name="Surefire test" finished-at="2025-07-10T23:05:12 IST" duration-ms="47458">
      <class name="ecom.Tests.LoginTest">
        <test-method is-config="true" signature="setUp()[pri:0, instance:ecom.Tests.LoginTest@7ea37dbf]" started-at="2025-07-10T23:04:24 IST" name="setUp" finished-at="2025-07-10T23:04:31 IST" duration-ms="6424" status="PASS">
          <reporter-output>
          </reporter-output>
        </test-method> <!-- setUp -->
        <test-method signature="Login()[pri:0, instance:ecom.Tests.LoginTest@7ea37dbf]" started-at="2025-07-10T23:04:31 IST" name="Login" finished-at="2025-07-10T23:05:11 IST" duration-ms="40747" status="PASS">
          <reporter-output>
          </reporter-output>
        </test-method> <!-- Login -->
        <test-method is-config="true" signature="tearDown()[pri:0, instance:ecom.Tests.LoginTest@7ea37dbf]" started-at="2025-07-10T23:05:11 IST" name="tearDown" finished-at="2025-07-10T23:05:12 IST" duration-ms="182" status="PASS">
          <reporter-output>
          </reporter-output>
        </test-method> <!-- tearDown -->
      </class> <!-- ecom.Tests.LoginTest -->
    </test> <!-- Surefire test -->
  </suite> <!-- Surefire suite -->
</testng-results>
